  Main.cpp
D:\Windows Kits\10\Include\10.0.19041.0\shared\minwindef.h(130,1): warning C4005: “APIENTRY”: 宏重定义
D:\code\vs 2019\合体成功\合体成功(2)\合体成功\include\GLFW\glfw3.h(123): message : 参见“APIENTRY”的前一个定义
D:\code\vs 2019\合体成功\合体成功(2)\合体成功\include\ReadObj.h(11,1): warning C4005: “M_PI”: 宏重定义
D:\code\vs 2019\合体成功\合体成功(2)\合体成功\include\nglm.h(17): message : 参见“M_PI”的前一个定义
D:\code\vs 2019\合体成功\合体成功(2)\合体成功\include\ReadObj.h(45,1): warning C4267: “初始化”: 从“size_t”转换到“int”，可能丢失数据
D:\code\vs 2019\合体成功\合体成功(2)\合体成功\cpp\Main.cpp(132,29): warning C4244: “参数”: 从“int”转换到“GLfloat”，可能丢失数据
D:\code\vs 2019\合体成功\合体成功(2)\合体成功\cpp\Main.cpp(262,31): warning C4244: “=”: 从“double”转换到“int”，可能丢失数据
D:\code\vs 2019\合体成功\合体成功(2)\合体成功\cpp\Main.cpp(263,32): warning C4244: “=”: 从“double”转换到“int”，可能丢失数据
D:\code\vs 2019\合体成功\合体成功(2)\合体成功\cpp\Main.cpp(314,26): warning C4305: “参数”: 从“double”到“GLfloat”截断
D:\code\vs 2019\合体成功\合体成功(2)\合体成功\cpp\Main.cpp(330,26): warning C4305: “参数”: 从“double”到“GLfloat”截断
D:\code\vs 2019\合体成功\合体成功(2)\合体成功\cpp\Main.cpp(395,78): warning C4554: “&”: 检查运算符优先级是否存在的可能的错误；使用括号阐明优先级
D:\code\vs 2019\合体成功\合体成功(2)\合体成功\cpp\Main.cpp(397,16): warning C4244: “参数”: 从“double”转换到“int”，可能丢失数据
D:\code\vs 2019\合体成功\合体成功(2)\合体成功\cpp\Main.cpp(397,13): warning C4244: “参数”: 从“double”转换到“int”，可能丢失数据
D:\code\vs 2019\合体成功\合体成功(2)\合体成功\cpp\Main.cpp(640,33): warning C4244: “-=”: 从“double”转换到“float”，可能丢失数据
D:\code\vs 2019\合体成功\合体成功(2)\合体成功\cpp\Main.cpp(641,12): warning C4244: “=”: 从“double”转换到“int”，可能丢失数据
D:\code\vs 2019\合体成功\合体成功(2)\合体成功\cpp\Main.cpp(645,33): warning C4244: “+=”: 从“double”转换到“float”，可能丢失数据
D:\code\vs 2019\合体成功\合体成功(2)\合体成功\cpp\Main.cpp(646,12): warning C4244: “=”: 从“double”转换到“int”，可能丢失数据
D:\code\vs 2019\合体成功\合体成功(2)\合体成功\cpp\Main.cpp(650,33): warning C4244: “-=”: 从“double”转换到“float”，可能丢失数据
D:\code\vs 2019\合体成功\合体成功(2)\合体成功\cpp\Main.cpp(651,12): warning C4244: “=”: 从“double”转换到“int”，可能丢失数据
D:\code\vs 2019\合体成功\合体成功(2)\合体成功\cpp\Main.cpp(655,33): warning C4244: “+=”: 从“double”转换到“float”，可能丢失数据
D:\code\vs 2019\合体成功\合体成功(2)\合体成功\cpp\Main.cpp(656,12): warning C4244: “=”: 从“double”转换到“int”，可能丢失数据
LINK : warning LNK4098: 默认库“MSVCRT”与其他库的使用冲突；请使用 /NODEFAULTLIB:library
  CG_final.vcxproj -> D:\code\vs 2019\合体成功\合体成功(2)\合体成功\x64\Debug\CG_final.exe
